  Moc'ing QtGuiApplication2.h...
  main.cpp
  LoginMainWindow.cpp
  MainMenu.cpp
  ConditionMenu.cpp
d:\shixi\shili\qtguiapplication2\qtguiapplication2\conditionmenu.cpp(14): warning C4819: 该文件包含不能在当前代码页(0)中表示的字符。请将该文件保存为 Unicode 格式以防止数据丢失
d:\shixi\shili\qtguiapplication2\qtguiapplication2\conditionmenu.cpp(15): warning C4819: 该文件包含不能在当前代码页(0)中表示的字符。请将该文件保存为 Unicode 格式以防止数据丢失
  qcustomplot.cpp
  moc_QtGuiApplication2.cpp
  qrc_Resource.cpp
qcustomplot.obj : error LNK2001: 无法解析的外部符号 "public: virtual struct QMetaObject const * __thiscall QCPLayer::metaObject(void)const " (?metaObject@QCPLayer@@UBEPBUQMetaObject@@XZ)
qcustomplot.obj : error LNK2001: 无法解析的外部符号 "public: virtual void * __thiscall QCPLayer::qt_metacast(char const *)" (?qt_metacast@QCPLayer@@UAEPAXPBD@Z)
qcustomplot.obj : error LNK2001: 无法解析的外部符号 "public: virtual int __thiscall QCPLayer::qt_metacall(enum QMetaObject::Call,int,void * *)" (?qt_metacall@QCPLayer@@UAEHW4Call@QMetaObject@@HPAPAX@Z)
qcustomplot.obj : error LNK2001: 无法解析的外部符号 "public: virtual struct QMetaObject const * __thiscall QCPLayerable::metaObject(void)const " (?metaObject@QCPLayerable@@UBEPBUQMetaObject@@XZ)
qcustomplot.obj : error LNK2001: 无法解析的外部符号 "public: virtual void * __thiscall QCPLayerable::qt_metacast(char const *)" (?qt_metacast@QCPLayerable@@UAEPAXPBD@Z)
qcustomplot.obj : error LNK2001: 无法解析的外部符号 "public: virtual int __thiscall QCPLayerable::qt_metacall(enum QMetaObject::Call,int,void * *)" (?qt_metacall@QCPLayerable@@UAEHW4Call@QMetaObject@@HPAPAX@Z)
qcustomplot.obj : error LNK2019: 无法解析的外部符号 "public: void __thiscall QCPLayerable::layerChanged(class QCPLayer *)" (?layerChanged@QCPLayerable@@QAEXPAVQCPLayer@@@Z)，该符号在函数 "public: virtual __thiscall QCPLayer::~QCPLayer(void)" (??1QCPLayer@@UAE@XZ) 中被引用
qcustomplot.obj : error LNK2001: 无法解析的外部符号 "public: virtual struct QMetaObject const * __thiscall QCPSelectionRect::metaObject(void)const " (?metaObject@QCPSelectionRect@@UBEPBUQMetaObject@@XZ)
qcustomplot.obj : error LNK2001: 无法解析的外部符号 "public: virtual void * __thiscall QCPSelectionRect::qt_metacast(char const *)" (?qt_metacast@QCPSelectionRect@@UAEPAXPBD@Z)
qcustomplot.obj : error LNK2001: 无法解析的外部符号 "public: virtual int __thiscall QCPSelectionRect::qt_metacall(enum QMetaObject::Call,int,void * *)" (?qt_metacall@QCPSelectionRect@@UAEHW4Call@QMetaObject@@HPAPAX@Z)
qcustomplot.obj : error LNK2019: 无法解析的外部符号 "public: void __thiscall QCPSelectionRect::started(class QMouseEvent *)" (?started@QCPSelectionRect@@QAEXPAVQMouseEvent@@@Z)，该符号在函数 "protected: virtual void __thiscall QCPSelectionRect::startSelection(class QMouseEvent *)" (?startSelection@QCPSelectionRect@@MAEXPAVQMouseEvent@@@Z) 中被引用
qcustomplot.obj : error LNK2019: 无法解析的外部符号 "public: void __thiscall QCPSelectionRect::changed(class QRect const &,class QMouseEvent *)" (?changed@QCPSelectionRect@@QAEXABVQRect@@PAVQMouseEvent@@@Z)，该符号在函数 "protected: virtual void __thiscall QCPSelectionRect::moveSelection(class QMouseEvent *)" (?moveSelection@QCPSelectionRect@@MAEXPAVQMouseEvent@@@Z) 中被引用
qcustomplot.obj : error LNK2019: 无法解析的外部符号 "public: void __thiscall QCPSelectionRect::canceled(class QRect const &,class QInputEvent *)" (?canceled@QCPSelectionRect@@QAEXABVQRect@@PAVQInputEvent@@@Z)，该符号在函数 "public: virtual __thiscall QCPSelectionRect::~QCPSelectionRect(void)" (??1QCPSelectionRect@@UAE@XZ) 中被引用
qcustomplot.obj : error LNK2019: 无法解析的外部符号 "public: void __thiscall QCPSelectionRect::accepted(class QRect const &,class QMouseEvent *)" (?accepted@QCPSelectionRect@@QAEXABVQRect@@PAVQMouseEvent@@@Z)，该符号在函数 "protected: virtual void __thiscall QCPSelectionRect::endSelection(class QMouseEvent *)" (?endSelection@QCPSelectionRect@@MAEXPAVQMouseEvent@@@Z) 中被引用
qcustomplot.obj : error LNK2001: 无法解析的外部符号 "public: virtual struct QMetaObject const * __thiscall QCPMarginGroup::metaObject(void)const " (?metaObject@QCPMarginGroup@@UBEPBUQMetaObject@@XZ)
qcustomplot.obj : error LNK2001: 无法解析的外部符号 "public: virtual void * __thiscall QCPMarginGroup::qt_metacast(char const *)" (?qt_metacast@QCPMarginGroup@@UAEPAXPBD@Z)
qcustomplot.obj : error LNK2001: 无法解析的外部符号 "public: virtual int __thiscall QCPMarginGroup::qt_metacall(enum QMetaObject::Call,int,void * *)" (?qt_metacall@QCPMarginGroup@@UAEHW4Call@QMetaObject@@HPAPAX@Z)
qcustomplot.obj : error LNK2001: 无法解析的外部符号 "public: virtual struct QMetaObject const * __thiscall QCPLayoutElement::metaObject(void)const " (?metaObject@QCPLayoutElement@@UBEPBUQMetaObject@@XZ)
qcustomplot.obj : error LNK2001: 无法解析的外部符号 "public: virtual void * __thiscall QCPLayoutElement::qt_metacast(char const *)" (?qt_metacast@QCPLayoutElement@@UAEPAXPBD@Z)
qcustomplot.obj : error LNK2001: 无法解析的外部符号 "public: virtual int __thiscall QCPLayoutElement::qt_metacall(enum QMetaObject::Call,int,void * *)" (?qt_metacall@QCPLayoutElement@@UAEHW4Call@QMetaObject@@HPAPAX@Z)
qcustomplot.obj : error LNK2001: 无法解析的外部符号 "public: virtual struct QMetaObject const * __thiscall QCPLayout::metaObject(void)const " (?metaObject@QCPLayout@@UBEPBUQMetaObject@@XZ)
qcustomplot.obj : error LNK2001: 无法解析的外部符号 "public: virtual void * __thiscall QCPLayout::qt_metacast(char const *)" (?qt_metacast@QCPLayout@@UAEPAXPBD@Z)
qcustomplot.obj : error LNK2001: 无法解析的外部符号 "public: virtual int __thiscall QCPLayout::qt_metacall(enum QMetaObject::Call,int,void * *)" (?qt_metacall@QCPLayout@@UAEHW4Call@QMetaObject@@HPAPAX@Z)
qcustomplot.obj : error LNK2001: 无法解析的外部符号 "public: virtual struct QMetaObject const * __thiscall QCPLayoutGrid::metaObject(void)const " (?metaObject@QCPLayoutGrid@@UBEPBUQMetaObject@@XZ)
qcustomplot.obj : error LNK2001: 无法解析的外部符号 "public: virtual void * __thiscall QCPLayoutGrid::qt_metacast(char const *)" (?qt_metacast@QCPLayoutGrid@@UAEPAXPBD@Z)
qcustomplot.obj : error LNK2001: 无法解析的外部符号 "public: virtual int __thiscall QCPLayoutGrid::qt_metacall(enum QMetaObject::Call,int,void * *)" (?qt_metacall@QCPLayoutGrid@@UAEHW4Call@QMetaObject@@HPAPAX@Z)
qcustomplot.obj : error LNK2001: 无法解析的外部符号 "public: virtual struct QMetaObject const * __thiscall QCPLayoutInset::metaObject(void)const " (?metaObject@QCPLayoutInset@@UBEPBUQMetaObject@@XZ)
qcustomplot.obj : error LNK2001: 无法解析的外部符号 "public: virtual void * __thiscall QCPLayoutInset::qt_metacast(char const *)" (?qt_metacast@QCPLayoutInset@@UAEPAXPBD@Z)
qcustomplot.obj : error LNK2001: 无法解析的外部符号 "public: virtual int __thiscall QCPLayoutInset::qt_metacall(enum QMetaObject::Call,int,void * *)" (?qt_metacall@QCPLayoutInset@@UAEHW4Call@QMetaObject@@HPAPAX@Z)
qcustomplot.obj : error LNK2001: 无法解析的外部符号 "public: virtual struct QMetaObject const * __thiscall QCPGrid::metaObject(void)const " (?metaObject@QCPGrid@@UBEPBUQMetaObject@@XZ)
qcustomplot.obj : error LNK2001: 无法解析的外部符号 "public: virtual void * __thiscall QCPGrid::qt_metacast(char const *)" (?qt_metacast@QCPGrid@@UAEPAXPBD@Z)
qcustomplot.obj : error LNK2001: 无法解析的外部符号 "public: virtual int __thiscall QCPGrid::qt_metacall(enum QMetaObject::Call,int,void * *)" (?qt_metacall@QCPGrid@@UAEHW4Call@QMetaObject@@HPAPAX@Z)
qcustomplot.obj : error LNK2001: 无法解析的外部符号 "public: virtual struct QMetaObject const * __thiscall QCPAxis::metaObject(void)const " (?metaObject@QCPAxis@@UBEPBUQMetaObject@@XZ)
qcustomplot.obj : error LNK2001: 无法解析的外部符号 "public: virtual void * __thiscall QCPAxis::qt_metacast(char const *)" (?qt_metacast@QCPAxis@@UAEPAXPBD@Z)
qcustomplot.obj : error LNK2001: 无法解析的外部符号 "public: virtual int __thiscall QCPAxis::qt_metacall(enum QMetaObject::Call,int,void * *)" (?qt_metacall@QCPAxis@@UAEHW4Call@QMetaObject@@HPAPAX@Z)
qcustomplot.obj : error LNK2019: 无法解析的外部符号 "public: void __thiscall QCPAxis::rangeChanged(class QCPRange const &)" (?rangeChanged@QCPAxis@@QAEXABVQCPRange@@@Z)，该符号在函数 "public: void __thiscall QCPAxis::moveRange(double)" (?moveRange@QCPAxis@@QAEXN@Z) 中被引用
qcustomplot.obj : error LNK2019: 无法解析的外部符号 "public: void __thiscall QCPAxis::rangeChanged(class QCPRange const &,class QCPRange const &)" (?rangeChanged@QCPAxis@@QAEXABVQCPRange@@0@Z)，该符号在函数 "public: void __thiscall QCPAxis::moveRange(double)" (?moveRange@QCPAxis@@QAEXN@Z) 中被引用
qcustomplot.obj : error LNK2019: 无法解析的外部符号 "public: void __thiscall QCPAxis::scaleTypeChanged(enum QCPAxis::ScaleType)" (?scaleTypeChanged@QCPAxis@@QAEXW4ScaleType@1@@Z)，该符号在函数 "public: void __thiscall QCPAxis::setScaleType(enum QCPAxis::ScaleType)" (?setScaleType@QCPAxis@@QAEXW4ScaleType@1@@Z) 中被引用
qcustomplot.obj : error LNK2019: 无法解析的外部符号 "public: void __thiscall QCPAxis::selectionChanged(class QFlags<enum QCPAxis::SelectablePart> const &)" (?selectionChanged@QCPAxis@@QAEXABV?$QFlags@W4SelectablePart@QCPAxis@@@@@Z)，该符号在函数 "protected: void __thiscall QCPColorScaleAxisRectPrivate::axisSelectionChanged(class QFlags<enum QCPAxis::SelectablePart>)" (?axisSelectionChanged@QCPColorScaleAxisRectPrivate@@IAEXV?$QFlags@W4SelectablePart@QCPAxis@@@@@Z) 中被引用
qcustomplot.obj : error LNK2019: 无法解析的外部符号 "public: void __thiscall QCPAxis::selectableChanged(class QFlags<enum QCPAxis::SelectablePart> const &)" (?selectableChanged@QCPAxis@@QAEXABV?$QFlags@W4SelectablePart@QCPAxis@@@@@Z)，该符号在函数 "protected: void __thiscall QCPColorScaleAxisRectPrivate::axisSelectableChanged(class QFlags<enum QCPAxis::SelectablePart>)" (?axisSelectableChanged@QCPColorScaleAxisRectPrivate@@IAEXV?$QFlags@W4SelectablePart@QCPAxis@@@@@Z) 中被引用
qcustomplot.obj : error LNK2001: 无法解析的外部符号 "public: virtual struct QMetaObject const * __thiscall QCPAbstractPlottable::metaObject(void)const " (?metaObject@QCPAbstractPlottable@@UBEPBUQMetaObject@@XZ)
qcustomplot.obj : error LNK2001: 无法解析的外部符号 "public: virtual void * __thiscall QCPAbstractPlottable::qt_metacast(char const *)" (?qt_metacast@QCPAbstractPlottable@@UAEPAXPBD@Z)
qcustomplot.obj : error LNK2001: 无法解析的外部符号 "public: virtual int __thiscall QCPAbstractPlottable::qt_metacall(enum QMetaObject::Call,int,void * *)" (?qt_metacall@QCPAbstractPlottable@@UAEHW4Call@QMetaObject@@HPAPAX@Z)
qcustomplot.obj : error LNK2019: 无法解析的外部符号 "public: void __thiscall QCPAbstractPlottable::selectionChanged(bool)" (?selectionChanged@QCPAbstractPlottable@@QAEX_N@Z)，该符号在函数 "public: void __thiscall QCPAbstractPlottable::setSelectable(enum QCP::SelectionType)" (?setSelectable@QCPAbstractPlottable@@QAEXW4SelectionType@QCP@@@Z) 中被引用
qcustomplot.obj : error LNK2019: 无法解析的外部符号 "public: void __thiscall QCPAbstractPlottable::selectionChanged(class QCPDataSelection const &)" (?selectionChanged@QCPAbstractPlottable@@QAEXABVQCPDataSelection@@@Z)，该符号在函数 "public: void __thiscall QCPAbstractPlottable::setSelectable(enum QCP::SelectionType)" (?setSelectable@QCPAbstractPlottable@@QAEXW4SelectionType@QCP@@@Z) 中被引用
qcustomplot.obj : error LNK2019: 无法解析的外部符号 "public: void __thiscall QCPAbstractPlottable::selectableChanged(enum QCP::SelectionType)" (?selectableChanged@QCPAbstractPlottable@@QAEXW4SelectionType@QCP@@@Z)，该符号在函数 "public: void __thiscall QCPAbstractPlottable::setSelectable(enum QCP::SelectionType)" (?setSelectable@QCPAbstractPlottable@@QAEXW4SelectionType@QCP@@@Z) 中被引用
qcustomplot.obj : error LNK2001: 无法解析的外部符号 "public: virtual struct QMetaObject const * __thiscall QCPAbstractItem::metaObject(void)const " (?metaObject@QCPAbstractItem@@UBEPBUQMetaObject@@XZ)
qcustomplot.obj : error LNK2001: 无法解析的外部符号 "public: virtual void * __thiscall QCPAbstractItem::qt_metacast(char const *)" (?qt_metacast@QCPAbstractItem@@UAEPAXPBD@Z)
qcustomplot.obj : error LNK2001: 无法解析的外部符号 "public: virtual int __thiscall QCPAbstractItem::qt_metacall(enum QMetaObject::Call,int,void * *)" (?qt_metacall@QCPAbstractItem@@UAEHW4Call@QMetaObject@@HPAPAX@Z)
qcustomplot.obj : error LNK2019: 无法解析的外部符号 "public: void __thiscall QCPAbstractItem::selectionChanged(bool)" (?selectionChanged@QCPAbstractItem@@QAEX_N@Z)，该符号在函数 "protected: virtual void __thiscall QCPAbstractItem::deselectEvent(bool *)" (?deselectEvent@QCPAbstractItem@@MAEXPA_N@Z) 中被引用
qcustomplot.obj : error LNK2019: 无法解析的外部符号 "public: void __thiscall QCPAbstractItem::selectableChanged(bool)" (?selectableChanged@QCPAbstractItem@@QAEX_N@Z)，该符号在函数 "public: void __thiscall QCPAbstractItem::setSelectable(bool)" (?setSelectable@QCPAbstractItem@@QAEX_N@Z) 中被引用
qcustomplot.obj : error LNK2001: 无法解析的外部符号 "public: virtual struct QMetaObject const * __thiscall QCustomPlot::metaObject(void)const " (?metaObject@QCustomPlot@@UBEPBUQMetaObject@@XZ)
qcustomplot.obj : error LNK2001: 无法解析的外部符号 "public: virtual void * __thiscall QCustomPlot::qt_metacast(char const *)" (?qt_metacast@QCustomPlot@@UAEPAXPBD@Z)
qcustomplot.obj : error LNK2001: 无法解析的外部符号 "public: virtual int __thiscall QCustomPlot::qt_metacall(enum QMetaObject::Call,int,void * *)" (?qt_metacall@QCustomPlot@@UAEHW4Call@QMetaObject@@HPAPAX@Z)
qcustomplot.obj : error LNK2019: 无法解析的外部符号 "public: void __thiscall QCustomPlot::mouseDoubleClick(class QMouseEvent *)" (?mouseDoubleClick@QCustomPlot@@QAEXPAVQMouseEvent@@@Z)，该符号在函数 "protected: virtual void __thiscall QCustomPlot::mouseDoubleClickEvent(class QMouseEvent *)" (?mouseDoubleClickEvent@QCustomPlot@@MAEXPAVQMouseEvent@@@Z) 中被引用
qcustomplot.obj : error LNK2019: 无法解析的外部符号 "public: void __thiscall QCustomPlot::mousePress(class QMouseEvent *)" (?mousePress@QCustomPlot@@QAEXPAVQMouseEvent@@@Z)，该符号在函数 "protected: virtual void __thiscall QCustomPlot::mousePressEvent(class QMouseEvent *)" (?mousePressEvent@QCustomPlot@@MAEXPAVQMouseEvent@@@Z) 中被引用
qcustomplot.obj : error LNK2019: 无法解析的外部符号 "public: void __thiscall QCustomPlot::mouseMove(class QMouseEvent *)" (?mouseMove@QCustomPlot@@QAEXPAVQMouseEvent@@@Z)，该符号在函数 "protected: virtual void __thiscall QCustomPlot::mouseMoveEvent(class QMouseEvent *)" (?mouseMoveEvent@QCustomPlot@@MAEXPAVQMouseEvent@@@Z) 中被引用
qcustomplot.obj : error LNK2019: 无法解析的外部符号 "public: void __thiscall QCustomPlot::mouseRelease(class QMouseEvent *)" (?mouseRelease@QCustomPlot@@QAEXPAVQMouseEvent@@@Z)，该符号在函数 "protected: virtual void __thiscall QCustomPlot::mouseReleaseEvent(class QMouseEvent *)" (?mouseReleaseEvent@QCustomPlot@@MAEXPAVQMouseEvent@@@Z) 中被引用
qcustomplot.obj : error LNK2019: 无法解析的外部符号 "public: void __thiscall QCustomPlot::mouseWheel(class QWheelEvent *)" (?mouseWheel@QCustomPlot@@QAEXPAVQWheelEvent@@@Z)，该符号在函数 "protected: virtual void __thiscall QCustomPlot::wheelEvent(class QWheelEvent *)" (?wheelEvent@QCustomPlot@@MAEXPAVQWheelEvent@@@Z) 中被引用
qcustomplot.obj : error LNK2019: 无法解析的外部符号 "public: void __thiscall QCustomPlot::plottableClick(class QCPAbstractPlottable *,int,class QMouseEvent *)" (?plottableClick@QCustomPlot@@QAEXPAVQCPAbstractPlottable@@HPAVQMouseEvent@@@Z)，该符号在函数 "protected: virtual void __thiscall QCustomPlot::mouseReleaseEvent(class QMouseEvent *)" (?mouseReleaseEvent@QCustomPlot@@MAEXPAVQMouseEvent@@@Z) 中被引用
qcustomplot.obj : error LNK2019: 无法解析的外部符号 "public: void __thiscall QCustomPlot::plottableDoubleClick(class QCPAbstractPlottable *,int,class QMouseEvent *)" (?plottableDoubleClick@QCustomPlot@@QAEXPAVQCPAbstractPlottable@@HPAVQMouseEvent@@@Z)，该符号在函数 "protected: virtual void __thiscall QCustomPlot::mouseDoubleClickEvent(class QMouseEvent *)" (?mouseDoubleClickEvent@QCustomPlot@@MAEXPAVQMouseEvent@@@Z) 中被引用
qcustomplot.obj : error LNK2019: 无法解析的外部符号 "public: void __thiscall QCustomPlot::itemClick(class QCPAbstractItem *,class QMouseEvent *)" (?itemClick@QCustomPlot@@QAEXPAVQCPAbstractItem@@PAVQMouseEvent@@@Z)，该符号在函数 "protected: virtual void __thiscall QCustomPlot::mouseReleaseEvent(class QMouseEvent *)" (?mouseReleaseEvent@QCustomPlot@@MAEXPAVQMouseEvent@@@Z) 中被引用
qcustomplot.obj : error LNK2019: 无法解析的外部符号 "public: void __thiscall QCustomPlot::itemDoubleClick(class QCPAbstractItem *,class QMouseEvent *)" (?itemDoubleClick@QCustomPlot@@QAEXPAVQCPAbstractItem@@PAVQMouseEvent@@@Z)，该符号在函数 "protected: virtual void __thiscall QCustomPlot::mouseDoubleClickEvent(class QMouseEvent *)" (?mouseDoubleClickEvent@QCustomPlot@@MAEXPAVQMouseEvent@@@Z) 中被引用
qcustomplot.obj : error LNK2019: 无法解析的外部符号 "public: void __thiscall QCustomPlot::axisClick(class QCPAxis *,enum QCPAxis::SelectablePart,class QMouseEvent *)" (?axisClick@QCustomPlot@@QAEXPAVQCPAxis@@W4SelectablePart@2@PAVQMouseEvent@@@Z)，该符号在函数 "protected: virtual void __thiscall QCustomPlot::mouseReleaseEvent(class QMouseEvent *)" (?mouseReleaseEvent@QCustomPlot@@MAEXPAVQMouseEvent@@@Z) 中被引用
qcustomplot.obj : error LNK2019: 无法解析的外部符号 "public: void __thiscall QCustomPlot::axisDoubleClick(class QCPAxis *,enum QCPAxis::SelectablePart,class QMouseEvent *)" (?axisDoubleClick@QCustomPlot@@QAEXPAVQCPAxis@@W4SelectablePart@2@PAVQMouseEvent@@@Z)，该符号在函数 "protected: virtual void __thiscall QCustomPlot::mouseDoubleClickEvent(class QMouseEvent *)" (?mouseDoubleClickEvent@QCustomPlot@@MAEXPAVQMouseEvent@@@Z) 中被引用
qcustomplot.obj : error LNK2019: 无法解析的外部符号 "public: void __thiscall QCustomPlot::legendClick(class QCPLegend *,class QCPAbstractLegendItem *,class QMouseEvent *)" (?legendClick@QCustomPlot@@QAEXPAVQCPLegend@@PAVQCPAbstractLegendItem@@PAVQMouseEvent@@@Z)，该符号在函数 "protected: virtual void __thiscall QCustomPlot::mouseReleaseEvent(class QMouseEvent *)" (?mouseReleaseEvent@QCustomPlot@@MAEXPAVQMouseEvent@@@Z) 中被引用
qcustomplot.obj : error LNK2019: 无法解析的外部符号 "public: void __thiscall QCustomPlot::legendDoubleClick(class QCPLegend *,class QCPAbstractLegendItem *,class QMouseEvent *)" (?legendDoubleClick@QCustomPlot@@QAEXPAVQCPLegend@@PAVQCPAbstractLegendItem@@PAVQMouseEvent@@@Z)，该符号在函数 "protected: virtual void __thiscall QCustomPlot::mouseDoubleClickEvent(class QMouseEvent *)" (?mouseDoubleClickEvent@QCustomPlot@@MAEXPAVQMouseEvent@@@Z) 中被引用
qcustomplot.obj : error LNK2019: 无法解析的外部符号 "public: void __thiscall QCustomPlot::selectionChangedByUser(void)" (?selectionChangedByUser@QCustomPlot@@QAEXXZ)，该符号在函数 "protected: virtual void __thiscall QCustomPlot::processPointSelection(class QMouseEvent *)" (?processPointSelection@QCustomPlot@@MAEXPAVQMouseEvent@@@Z) 中被引用
qcustomplot.obj : error LNK2019: 无法解析的外部符号 "public: void __thiscall QCustomPlot::beforeReplot(void)" (?beforeReplot@QCustomPlot@@QAEXXZ)，该符号在函数 "public: void __thiscall QCustomPlot::replot(enum QCustomPlot::RefreshPriority)" (?replot@QCustomPlot@@QAEXW4RefreshPriority@1@@Z) 中被引用
qcustomplot.obj : error LNK2019: 无法解析的外部符号 "public: void __thiscall QCustomPlot::afterReplot(void)" (?afterReplot@QCustomPlot@@QAEXXZ)，该符号在函数 "public: void __thiscall QCustomPlot::replot(enum QCustomPlot::RefreshPriority)" (?replot@QCustomPlot@@QAEXW4RefreshPriority@1@@Z) 中被引用
qcustomplot.obj : error LNK2001: 无法解析的外部符号 "public: virtual struct QMetaObject const * __thiscall QCPAxisRect::metaObject(void)const " (?metaObject@QCPAxisRect@@UBEPBUQMetaObject@@XZ)
qcustomplot.obj : error LNK2001: 无法解析的外部符号 "public: virtual void * __thiscall QCPAxisRect::qt_metacast(char const *)" (?qt_metacast@QCPAxisRect@@UAEPAXPBD@Z)
qcustomplot.obj : error LNK2001: 无法解析的外部符号 "public: virtual int __thiscall QCPAxisRect::qt_metacall(enum QMetaObject::Call,int,void * *)" (?qt_metacall@QCPAxisRect@@UAEHW4Call@QMetaObject@@HPAPAX@Z)
qcustomplot.obj : error LNK2001: 无法解析的外部符号 "public: virtual struct QMetaObject const * __thiscall QCPAbstractLegendItem::metaObject(void)const " (?metaObject@QCPAbstractLegendItem@@UBEPBUQMetaObject@@XZ)
qcustomplot.obj : error LNK2001: 无法解析的外部符号 "public: virtual void * __thiscall QCPAbstractLegendItem::qt_metacast(char const *)" (?qt_metacast@QCPAbstractLegendItem@@UAEPAXPBD@Z)
qcustomplot.obj : error LNK2001: 无法解析的外部符号 "public: virtual int __thiscall QCPAbstractLegendItem::qt_metacall(enum QMetaObject::Call,int,void * *)" (?qt_metacall@QCPAbstractLegendItem@@UAEHW4Call@QMetaObject@@HPAPAX@Z)
qcustomplot.obj : error LNK2019: 无法解析的外部符号 "public: void __thiscall QCPAbstractLegendItem::selectionChanged(bool)" (?selectionChanged@QCPAbstractLegendItem@@QAEX_N@Z)，该符号在函数 "protected: virtual void __thiscall QCPAbstractLegendItem::deselectEvent(bool *)" (?deselectEvent@QCPAbstractLegendItem@@MAEXPA_N@Z) 中被引用
qcustomplot.obj : error LNK2019: 无法解析的外部符号 "public: void __thiscall QCPAbstractLegendItem::selectableChanged(bool)" (?selectableChanged@QCPAbstractLegendItem@@QAEX_N@Z)，该符号在函数 "public: void __thiscall QCPAbstractLegendItem::setSelectable(bool)" (?setSelectable@QCPAbstractLegendItem@@QAEX_N@Z) 中被引用
qcustomplot.obj : error LNK2001: 无法解析的外部符号 "public: virtual struct QMetaObject const * __thiscall QCPPlottableLegendItem::metaObject(void)const " (?metaObject@QCPPlottableLegendItem@@UBEPBUQMetaObject@@XZ)
qcustomplot.obj : error LNK2001: 无法解析的外部符号 "public: virtual void * __thiscall QCPPlottableLegendItem::qt_metacast(char const *)" (?qt_metacast@QCPPlottableLegendItem@@UAEPAXPBD@Z)
qcustomplot.obj : error LNK2001: 无法解析的外部符号 "public: virtual int __thiscall QCPPlottableLegendItem::qt_metacall(enum QMetaObject::Call,int,void * *)" (?qt_metacall@QCPPlottableLegendItem@@UAEHW4Call@QMetaObject@@HPAPAX@Z)
qcustomplot.obj : error LNK2001: 无法解析的外部符号 "public: virtual struct QMetaObject const * __thiscall QCPLegend::metaObject(void)const " (?metaObject@QCPLegend@@UBEPBUQMetaObject@@XZ)
qcustomplot.obj : error LNK2001: 无法解析的外部符号 "public: virtual void * __thiscall QCPLegend::qt_metacast(char const *)" (?qt_metacast@QCPLegend@@UAEPAXPBD@Z)
qcustomplot.obj : error LNK2001: 无法解析的外部符号 "public: virtual int __thiscall QCPLegend::qt_metacall(enum QMetaObject::Call,int,void * *)" (?qt_metacall@QCPLegend@@UAEHW4Call@QMetaObject@@HPAPAX@Z)
qcustomplot.obj : error LNK2019: 无法解析的外部符号 "public: void __thiscall QCPLegend::selectionChanged(class QFlags<enum QCPLegend::SelectablePart>)" (?selectionChanged@QCPLegend@@QAEXV?$QFlags@W4SelectablePart@QCPLegend@@@@@Z)，该符号在函数 "public: void __thiscall QCPLegend::setSelectedParts(class QFlags<enum QCPLegend::SelectablePart> const &)" (?setSelectedParts@QCPLegend@@QAEXABV?$QFlags@W4SelectablePart@QCPLegend@@@@@Z) 中被引用
qcustomplot.obj : error LNK2019: 无法解析的外部符号 "public: void __thiscall QCPLegend::selectableChanged(class QFlags<enum QCPLegend::SelectablePart>)" (?selectableChanged@QCPLegend@@QAEXV?$QFlags@W4SelectablePart@QCPLegend@@@@@Z)，该符号在函数 "public: __thiscall QCPLegend::QCPLegend(void)" (??0QCPLegend@@QAE@XZ) 中被引用
qcustomplot.obj : error LNK2001: 无法解析的外部符号 "public: virtual struct QMetaObject const * __thiscall QCPTextElement::metaObject(void)const " (?metaObject@QCPTextElement@@UBEPBUQMetaObject@@XZ)
qcustomplot.obj : error LNK2001: 无法解析的外部符号 "public: virtual void * __thiscall QCPTextElement::qt_metacast(char const *)" (?qt_metacast@QCPTextElement@@UAEPAXPBD@Z)
qcustomplot.obj : error LNK2001: 无法解析的外部符号 "public: virtual int __thiscall QCPTextElement::qt_metacall(enum QMetaObject::Call,int,void * *)" (?qt_metacall@QCPTextElement@@UAEHW4Call@QMetaObject@@HPAPAX@Z)
qcustomplot.obj : error LNK2019: 无法解析的外部符号 "public: void __thiscall QCPTextElement::selectionChanged(bool)" (?selectionChanged@QCPTextElement@@QAEX_N@Z)，该符号在函数 "protected: virtual void __thiscall QCPTextElement::deselectEvent(bool *)" (?deselectEvent@QCPTextElement@@MAEXPA_N@Z) 中被引用
qcustomplot.obj : error LNK2019: 无法解析的外部符号 "public: void __thiscall QCPTextElement::selectableChanged(bool)" (?selectableChanged@QCPTextElement@@QAEX_N@Z)，该符号在函数 "public: void __thiscall QCPTextElement::setSelectable(bool)" (?setSelectable@QCPTextElement@@QAEX_N@Z) 中被引用
qcustomplot.obj : error LNK2019: 无法解析的外部符号 "public: void __thiscall QCPTextElement::clicked(class QMouseEvent *)" (?clicked@QCPTextElement@@QAEXPAVQMouseEvent@@@Z)，该符号在函数 "public: virtual void __thiscall QCPTextElement::mouseReleaseEvent(class QMouseEvent *,class QPointF const &)" (?mouseReleaseEvent@QCPTextElement@@UAEXPAVQMouseEvent@@ABVQPointF@@@Z) 中被引用
qcustomplot.obj : error LNK2019: 无法解析的外部符号 "public: void __thiscall QCPTextElement::doubleClicked(class QMouseEvent *)" (?doubleClicked@QCPTextElement@@QAEXPAVQMouseEvent@@@Z)，该符号在函数 "public: virtual void __thiscall QCPTextElement::mouseDoubleClickEvent(class QMouseEvent *,class QVariant const &)" (?mouseDoubleClickEvent@QCPTextElement@@UAEXPAVQMouseEvent@@ABVQVariant@@@Z) 中被引用
qcustomplot.obj : error LNK2001: 无法解析的外部符号 "public: virtual struct QMetaObject const * __thiscall QCPColorScaleAxisRectPrivate::metaObject(void)const " (?metaObject@QCPColorScaleAxisRectPrivate@@UBEPBUQMetaObject@@XZ)
qcustomplot.obj : error LNK2001: 无法解析的外部符号 "public: virtual void * __thiscall QCPColorScaleAxisRectPrivate::qt_metacast(char const *)" (?qt_metacast@QCPColorScaleAxisRectPrivate@@UAEPAXPBD@Z)
qcustomplot.obj : error LNK2001: 无法解析的外部符号 "public: virtual int __thiscall QCPColorScaleAxisRectPrivate::qt_metacall(enum QMetaObject::Call,int,void * *)" (?qt_metacall@QCPColorScaleAxisRectPrivate@@UAEHW4Call@QMetaObject@@HPAPAX@Z)
qcustomplot.obj : error LNK2001: 无法解析的外部符号 "public: virtual struct QMetaObject const * __thiscall QCPColorScale::metaObject(void)const " (?metaObject@QCPColorScale@@UBEPBUQMetaObject@@XZ)
qcustomplot.obj : error LNK2001: 无法解析的外部符号 "public: virtual void * __thiscall QCPColorScale::qt_metacast(char const *)" (?qt_metacast@QCPColorScale@@UAEPAXPBD@Z)
qcustomplot.obj : error LNK2001: 无法解析的外部符号 "public: virtual int __thiscall QCPColorScale::qt_metacall(enum QMetaObject::Call,int,void * *)" (?qt_metacall@QCPColorScale@@UAEHW4Call@QMetaObject@@HPAPAX@Z)
qcustomplot.obj : error LNK2019: 无法解析的外部符号 "public: void __thiscall QCPColorScale::dataRangeChanged(class QCPRange const &)" (?dataRangeChanged@QCPColorScale@@QAEXABVQCPRange@@@Z)，该符号在函数 "public: __thiscall QCPColorScale::QCPColorScale(class QCustomPlot *)" (??0QCPColorScale@@QAE@PAVQCustomPlot@@@Z) 中被引用
qcustomplot.obj : error LNK2019: 无法解析的外部符号 "public: void __thiscall QCPColorScale::dataScaleTypeChanged(enum QCPAxis::ScaleType)" (?dataScaleTypeChanged@QCPColorScale@@QAEXW4ScaleType@QCPAxis@@@Z)，该符号在函数 "public: void __thiscall QCPColorScale::setDataScaleType(enum QCPAxis::ScaleType)" (?setDataScaleType@QCPColorScale@@QAEXW4ScaleType@QCPAxis@@@Z) 中被引用
qcustomplot.obj : error LNK2019: 无法解析的外部符号 "public: void __thiscall QCPColorScale::gradientChanged(class QCPColorGradient const &)" (?gradientChanged@QCPColorScale@@QAEXABVQCPColorGradient@@@Z)，该符号在函数 "public: void __thiscall QCPColorScale::setGradient(class QCPColorGradient const &)" (?setGradient@QCPColorScale@@QAEXABVQCPColorGradient@@@Z) 中被引用
qcustomplot.obj : error LNK2001: 无法解析的外部符号 "public: virtual struct QMetaObject const * __thiscall QCPGraph::metaObject(void)const " (?metaObject@QCPGraph@@UBEPBUQMetaObject@@XZ)
qcustomplot.obj : error LNK2001: 无法解析的外部符号 "public: virtual void * __thiscall QCPGraph::qt_metacast(char const *)" (?qt_metacast@QCPGraph@@UAEPAXPBD@Z)
qcustomplot.obj : error LNK2001: 无法解析的外部符号 "public: virtual int __thiscall QCPGraph::qt_metacall(enum QMetaObject::Call,int,void * *)" (?qt_metacall@QCPGraph@@UAEHW4Call@QMetaObject@@HPAPAX@Z)
qcustomplot.obj : error LNK2001: 无法解析的外部符号 "public: virtual struct QMetaObject const * __thiscall QCPCurve::metaObject(void)const " (?metaObject@QCPCurve@@UBEPBUQMetaObject@@XZ)
qcustomplot.obj : error LNK2001: 无法解析的外部符号 "public: virtual void * __thiscall QCPCurve::qt_metacast(char const *)" (?qt_metacast@QCPCurve@@UAEPAXPBD@Z)
qcustomplot.obj : error LNK2001: 无法解析的外部符号 "public: virtual int __thiscall QCPCurve::qt_metacall(enum QMetaObject::Call,int,void * *)" (?qt_metacall@QCPCurve@@UAEHW4Call@QMetaObject@@HPAPAX@Z)
qcustomplot.obj : error LNK2001: 无法解析的外部符号 "public: virtual struct QMetaObject const * __thiscall QCPBarsGroup::metaObject(void)const " (?metaObject@QCPBarsGroup@@UBEPBUQMetaObject@@XZ)
qcustomplot.obj : error LNK2001: 无法解析的外部符号 "public: virtual void * __thiscall QCPBarsGroup::qt_metacast(char const *)" (?qt_metacast@QCPBarsGroup@@UAEPAXPBD@Z)
qcustomplot.obj : error LNK2001: 无法解析的外部符号 "public: virtual int __thiscall QCPBarsGroup::qt_metacall(enum QMetaObject::Call,int,void * *)" (?qt_metacall@QCPBarsGroup@@UAEHW4Call@QMetaObject@@HPAPAX@Z)
qcustomplot.obj : error LNK2001: 无法解析的外部符号 "public: virtual struct QMetaObject const * __thiscall QCPBars::metaObject(void)const " (?metaObject@QCPBars@@UBEPBUQMetaObject@@XZ)
qcustomplot.obj : error LNK2001: 无法解析的外部符号 "public: virtual void * __thiscall QCPBars::qt_metacast(char const *)" (?qt_metacast@QCPBars@@UAEPAXPBD@Z)
qcustomplot.obj : error LNK2001: 无法解析的外部符号 "public: virtual int __thiscall QCPBars::qt_metacall(enum QMetaObject::Call,int,void * *)" (?qt_metacall@QCPBars@@UAEHW4Call@QMetaObject@@HPAPAX@Z)
qcustomplot.obj : error LNK2001: 无法解析的外部符号 "public: virtual struct QMetaObject const * __thiscall QCPStatisticalBox::metaObject(void)const " (?metaObject@QCPStatisticalBox@@UBEPBUQMetaObject@@XZ)
qcustomplot.obj : error LNK2001: 无法解析的外部符号 "public: virtual void * __thiscall QCPStatisticalBox::qt_metacast(char const *)" (?qt_metacast@QCPStatisticalBox@@UAEPAXPBD@Z)
qcustomplot.obj : error LNK2001: 无法解析的外部符号 "public: virtual int __thiscall QCPStatisticalBox::qt_metacall(enum QMetaObject::Call,int,void * *)" (?qt_metacall@QCPStatisticalBox@@UAEHW4Call@QMetaObject@@HPAPAX@Z)
qcustomplot.obj : error LNK2001: 无法解析的外部符号 "public: virtual struct QMetaObject const * __thiscall QCPColorMap::metaObject(void)const " (?metaObject@QCPColorMap@@UBEPBUQMetaObject@@XZ)
qcustomplot.obj : error LNK2001: 无法解析的外部符号 "public: virtual void * __thiscall QCPColorMap::qt_metacast(char const *)" (?qt_metacast@QCPColorMap@@UAEPAXPBD@Z)
qcustomplot.obj : error LNK2001: 无法解析的外部符号 "public: virtual int __thiscall QCPColorMap::qt_metacall(enum QMetaObject::Call,int,void * *)" (?qt_metacall@QCPColorMap@@UAEHW4Call@QMetaObject@@HPAPAX@Z)
qcustomplot.obj : error LNK2019: 无法解析的外部符号 "public: void __thiscall QCPColorMap::dataRangeChanged(class QCPRange const &)" (?dataRangeChanged@QCPColorMap@@QAEXABVQCPRange@@@Z)，该符号在函数 "public: void __thiscall QCPColorMap::setDataRange(class QCPRange const &)" (?setDataRange@QCPColorMap@@QAEXABVQCPRange@@@Z) 中被引用
qcustomplot.obj : error LNK2019: 无法解析的外部符号 "public: void __thiscall QCPColorMap::dataScaleTypeChanged(enum QCPAxis::ScaleType)" (?dataScaleTypeChanged@QCPColorMap@@QAEXW4ScaleType@QCPAxis@@@Z)，该符号在函数 "public: void __thiscall QCPColorMap::setColorScale(class QCPColorScale *)" (?setColorScale@QCPColorMap@@QAEXPAVQCPColorScale@@@Z) 中被引用
qcustomplot.obj : error LNK2019: 无法解析的外部符号 "public: void __thiscall QCPColorMap::gradientChanged(class QCPColorGradient const &)" (?gradientChanged@QCPColorMap@@QAEXABVQCPColorGradient@@@Z)，该符号在函数 "public: void __thiscall QCPColorMap::setColorScale(class QCPColorScale *)" (?setColorScale@QCPColorMap@@QAEXPAVQCPColorScale@@@Z) 中被引用
qcustomplot.obj : error LNK2001: 无法解析的外部符号 "public: virtual struct QMetaObject const * __thiscall QCPFinancial::metaObject(void)const " (?metaObject@QCPFinancial@@UBEPBUQMetaObject@@XZ)
qcustomplot.obj : error LNK2001: 无法解析的外部符号 "public: virtual void * __thiscall QCPFinancial::qt_metacast(char const *)" (?qt_metacast@QCPFinancial@@UAEPAXPBD@Z)
qcustomplot.obj : error LNK2001: 无法解析的外部符号 "public: virtual int __thiscall QCPFinancial::qt_metacall(enum QMetaObject::Call,int,void * *)" (?qt_metacall@QCPFinancial@@UAEHW4Call@QMetaObject@@HPAPAX@Z)
qcustomplot.obj : error LNK2001: 无法解析的外部符号 "public: virtual struct QMetaObject const * __thiscall QCPErrorBars::metaObject(void)const " (?metaObject@QCPErrorBars@@UBEPBUQMetaObject@@XZ)
qcustomplot.obj : error LNK2001: 无法解析的外部符号 "public: virtual void * __thiscall QCPErrorBars::qt_metacast(char const *)" (?qt_metacast@QCPErrorBars@@UAEPAXPBD@Z)
qcustomplot.obj : error LNK2001: 无法解析的外部符号 "public: virtual int __thiscall QCPErrorBars::qt_metacall(enum QMetaObject::Call,int,void * *)" (?qt_metacall@QCPErrorBars@@UAEHW4Call@QMetaObject@@HPAPAX@Z)
qcustomplot.obj : error LNK2001: 无法解析的外部符号 "public: virtual struct QMetaObject const * __thiscall QCPItemStraightLine::metaObject(void)const " (?metaObject@QCPItemStraightLine@@UBEPBUQMetaObject@@XZ)
qcustomplot.obj : error LNK2001: 无法解析的外部符号 "public: virtual void * __thiscall QCPItemStraightLine::qt_metacast(char const *)" (?qt_metacast@QCPItemStraightLine@@UAEPAXPBD@Z)
qcustomplot.obj : error LNK2001: 无法解析的外部符号 "public: virtual int __thiscall QCPItemStraightLine::qt_metacall(enum QMetaObject::Call,int,void * *)" (?qt_metacall@QCPItemStraightLine@@UAEHW4Call@QMetaObject@@HPAPAX@Z)
qcustomplot.obj : error LNK2001: 无法解析的外部符号 "public: virtual struct QMetaObject const * __thiscall QCPItemLine::metaObject(void)const " (?metaObject@QCPItemLine@@UBEPBUQMetaObject@@XZ)
qcustomplot.obj : error LNK2001: 无法解析的外部符号 "public: virtual void * __thiscall QCPItemLine::qt_metacast(char const *)" (?qt_metacast@QCPItemLine@@UAEPAXPBD@Z)
qcustomplot.obj : error LNK2001: 无法解析的外部符号 "public: virtual int __thiscall QCPItemLine::qt_metacall(enum QMetaObject::Call,int,void * *)" (?qt_metacall@QCPItemLine@@UAEHW4Call@QMetaObject@@HPAPAX@Z)
qcustomplot.obj : error LNK2001: 无法解析的外部符号 "public: virtual struct QMetaObject const * __thiscall QCPItemCurve::metaObject(void)const " (?metaObject@QCPItemCurve@@UBEPBUQMetaObject@@XZ)
qcustomplot.obj : error LNK2001: 无法解析的外部符号 "public: virtual void * __thiscall QCPItemCurve::qt_metacast(char const *)" (?qt_metacast@QCPItemCurve@@UAEPAXPBD@Z)
qcustomplot.obj : error LNK2001: 无法解析的外部符号 "public: virtual int __thiscall QCPItemCurve::qt_metacall(enum QMetaObject::Call,int,void * *)" (?qt_metacall@QCPItemCurve@@UAEHW4Call@QMetaObject@@HPAPAX@Z)
qcustomplot.obj : error LNK2001: 无法解析的外部符号 "public: virtual struct QMetaObject const * __thiscall QCPItemRect::metaObject(void)const " (?metaObject@QCPItemRect@@UBEPBUQMetaObject@@XZ)
qcustomplot.obj : error LNK2001: 无法解析的外部符号 "public: virtual void * __thiscall QCPItemRect::qt_metacast(char const *)" (?qt_metacast@QCPItemRect@@UAEPAXPBD@Z)
qcustomplot.obj : error LNK2001: 无法解析的外部符号 "public: virtual int __thiscall QCPItemRect::qt_metacall(enum QMetaObject::Call,int,void * *)" (?qt_metacall@QCPItemRect@@UAEHW4Call@QMetaObject@@HPAPAX@Z)
qcustomplot.obj : error LNK2001: 无法解析的外部符号 "public: virtual struct QMetaObject const * __thiscall QCPItemText::metaObject(void)const " (?metaObject@QCPItemText@@UBEPBUQMetaObject@@XZ)
qcustomplot.obj : error LNK2001: 无法解析的外部符号 "public: virtual void * __thiscall QCPItemText::qt_metacast(char const *)" (?qt_metacast@QCPItemText@@UAEPAXPBD@Z)
qcustomplot.obj : error LNK2001: 无法解析的外部符号 "public: virtual int __thiscall QCPItemText::qt_metacall(enum QMetaObject::Call,int,void * *)" (?qt_metacall@QCPItemText@@UAEHW4Call@QMetaObject@@HPAPAX@Z)
qcustomplot.obj : error LNK2001: 无法解析的外部符号 "public: virtual struct QMetaObject const * __thiscall QCPItemEllipse::metaObject(void)const " (?metaObject@QCPItemEllipse@@UBEPBUQMetaObject@@XZ)
qcustomplot.obj : error LNK2001: 无法解析的外部符号 "public: virtual void * __thiscall QCPItemEllipse::qt_metacast(char const *)" (?qt_metacast@QCPItemEllipse@@UAEPAXPBD@Z)
qcustomplot.obj : error LNK2001: 无法解析的外部符号 "public: virtual int __thiscall QCPItemEllipse::qt_metacall(enum QMetaObject::Call,int,void * *)" (?qt_metacall@QCPItemEllipse@@UAEHW4Call@QMetaObject@@HPAPAX@Z)
qcustomplot.obj : error LNK2001: 无法解析的外部符号 "public: virtual struct QMetaObject const * __thiscall QCPItemPixmap::metaObject(void)const " (?metaObject@QCPItemPixmap@@UBEPBUQMetaObject@@XZ)
qcustomplot.obj : error LNK2001: 无法解析的外部符号 "public: virtual void * __thiscall QCPItemPixmap::qt_metacast(char const *)" (?qt_metacast@QCPItemPixmap@@UAEPAXPBD@Z)
qcustomplot.obj : error LNK2001: 无法解析的外部符号 "public: virtual int __thiscall QCPItemPixmap::qt_metacall(enum QMetaObject::Call,int,void * *)" (?qt_metacall@QCPItemPixmap@@UAEHW4Call@QMetaObject@@HPAPAX@Z)
qcustomplot.obj : error LNK2001: 无法解析的外部符号 "public: virtual struct QMetaObject const * __thiscall QCPItemTracer::metaObject(void)const " (?metaObject@QCPItemTracer@@UBEPBUQMetaObject@@XZ)
qcustomplot.obj : error LNK2001: 无法解析的外部符号 "public: virtual void * __thiscall QCPItemTracer::qt_metacast(char const *)" (?qt_metacast@QCPItemTracer@@UAEPAXPBD@Z)
qcustomplot.obj : error LNK2001: 无法解析的外部符号 "public: virtual int __thiscall QCPItemTracer::qt_metacall(enum QMetaObject::Call,int,void * *)" (?qt_metacall@QCPItemTracer@@UAEHW4Call@QMetaObject@@HPAPAX@Z)
qcustomplot.obj : error LNK2001: 无法解析的外部符号 "public: virtual struct QMetaObject const * __thiscall QCPItemBracket::metaObject(void)const " (?metaObject@QCPItemBracket@@UBEPBUQMetaObject@@XZ)
qcustomplot.obj : error LNK2001: 无法解析的外部符号 "public: virtual void * __thiscall QCPItemBracket::qt_metacast(char const *)" (?qt_metacast@QCPItemBracket@@UAEPAXPBD@Z)
qcustomplot.obj : error LNK2001: 无法解析的外部符号 "public: virtual int __thiscall QCPItemBracket::qt_metacall(enum QMetaObject::Call,int,void * *)" (?qt_metacall@QCPItemBracket@@UAEHW4Call@QMetaObject@@HPAPAX@Z)
qcustomplot.obj : error LNK2019: 无法解析的外部符号 "public: static struct QMetaObject const QCPLayout::staticMetaObject" (?staticMetaObject@QCPLayout@@2UQMetaObject@@B)，该符号在函数 "public: virtual __thiscall QCPLayoutElement::~QCPLayoutElement(void)" (??1QCPLayoutElement@@UAE@XZ) 中被引用
qcustomplot.obj : error LNK2019: 无法解析的外部符号 "public: static struct QMetaObject const QCPAxis::staticMetaObject" (?staticMetaObject@QCPAxis@@2UQMetaObject@@B)，该符号在函数 "protected: void __thiscall QCPColorScaleAxisRectPrivate::axisSelectableChanged(class QFlags<enum QCPAxis::SelectablePart>)" (?axisSelectableChanged@QCPColorScaleAxisRectPrivate@@IAEXV?$QFlags@W4SelectablePart@QCPAxis@@@@@Z) 中被引用
qcustomplot.obj : error LNK2019: 无法解析的外部符号 "public: static struct QMetaObject const QCPAbstractPlottable::staticMetaObject" (?staticMetaObject@QCPAbstractPlottable@@2UQMetaObject@@B)，该符号在函数 "protected: virtual void __thiscall QCustomPlot::mouseDoubleClickEvent(class QMouseEvent *)" (?mouseDoubleClickEvent@QCustomPlot@@MAEXPAVQMouseEvent@@@Z) 中被引用
qcustomplot.obj : error LNK2019: 无法解析的外部符号 "public: static struct QMetaObject const QCPAbstractItem::staticMetaObject" (?staticMetaObject@QCPAbstractItem@@2UQMetaObject@@B)，该符号在函数 "protected: virtual void __thiscall QCustomPlot::mouseDoubleClickEvent(class QMouseEvent *)" (?mouseDoubleClickEvent@QCustomPlot@@MAEXPAVQMouseEvent@@@Z) 中被引用
qcustomplot.obj : error LNK2019: 无法解析的外部符号 "public: static struct QMetaObject const QCustomPlot::staticMetaObject" (?staticMetaObject@QCustomPlot@@2UQMetaObject@@B)，该符号在函数 "public: virtual __thiscall QCPLegend::~QCPLegend(void)" (??1QCPLegend@@UAE@XZ) 中被引用
qcustomplot.obj : error LNK2019: 无法解析的外部符号 "public: static struct QMetaObject const QCPAxisRect::staticMetaObject" (?staticMetaObject@QCPAxisRect@@2UQMetaObject@@B)，该符号在函数 "public: class QCPAxisRect * __thiscall QCustomPlot::axisRectAt(class QPointF const &)const " (?axisRectAt@QCustomPlot@@QBEPAVQCPAxisRect@@ABVQPointF@@@Z) 中被引用
qcustomplot.obj : error LNK2019: 无法解析的外部符号 "public: static struct QMetaObject const QCPAbstractLegendItem::staticMetaObject" (?staticMetaObject@QCPAbstractLegendItem@@2UQMetaObject@@B)，该符号在函数 "public: __thiscall QCPLegend::QCPLegend(void)" (??0QCPLegend@@QAE@XZ) 中被引用
qcustomplot.obj : error LNK2019: 无法解析的外部符号 "public: static struct QMetaObject const QCPPlottableLegendItem::staticMetaObject" (?staticMetaObject@QCPPlottableLegendItem@@2UQMetaObject@@B)，该符号在函数 "public: class QCPPlottableLegendItem * __thiscall QCPLegend::itemWithPlottable(class QCPAbstractPlottable const *)const " (?itemWithPlottable@QCPLegend@@QBEPAVQCPPlottableLegendItem@@PBVQCPAbstractPlottable@@@Z) 中被引用
qcustomplot.obj : error LNK2019: 无法解析的外部符号 "public: static struct QMetaObject const QCPLegend::staticMetaObject" (?staticMetaObject@QCPLegend@@2UQMetaObject@@B)，该符号在函数 "protected: virtual void __thiscall QCustomPlot::mouseDoubleClickEvent(class QMouseEvent *)" (?mouseDoubleClickEvent@QCustomPlot@@MAEXPAVQMouseEvent@@@Z) 中被引用
qcustomplot.obj : error LNK2019: 无法解析的外部符号 "public: static struct QMetaObject const QCPGraph::staticMetaObject" (?staticMetaObject@QCPGraph@@2UQMetaObject@@B)，该符号在函数 "public: bool __thiscall QCustomPlot::removePlottable(class QCPAbstractPlottable *)" (?removePlottable@QCustomPlot@@QAE_NPAVQCPAbstractPlottable@@@Z) 中被引用
qcustomplot.obj : error LNK2019: 无法解析的外部符号 "public: static struct QMetaObject const QCPColorMap::staticMetaObject" (?staticMetaObject@QCPColorMap@@2UQMetaObject@@B)，该符号在函数 "public: class QList<class QCPColorMap *> __thiscall QCPColorScale::colorMaps(void)const " (?colorMaps@QCPColorScale@@QBE?AV?$QList@PAVQCPColorMap@@@@XZ) 中被引用
qcustomplot.obj : error LNK2019: 无法解析的外部符号 "public: static struct QMetaObject const QCPErrorBars::staticMetaObject" (?staticMetaObject@QCPErrorBars@@2UQMetaObject@@B)，该符号在函数 "public: void __thiscall QCPErrorBars::setDataPlottable(class QCPAbstractPlottable *)" (?setDataPlottable@QCPErrorBars@@QAEXPAVQCPAbstractPlottable@@@Z) 中被引用
D:\shixi\shili\QtGuiApplication2\Win32\Release\\QtGuiApplication2.exe : fatal error LNK1120: 168 个无法解析的外部命令
