d:\shixi\shili\qtguiapplication2\qtguiapplication2\debug\loginmainwindow.obj
d:\shixi\shili\qtguiapplication2\qtguiapplication2\debug\moc_qtguiapplication2.obj
d:\shixi\shili\qtguiapplication2\qtguiapplication2\debug\main.obj
d:\shixi\shili\qtguiapplication2\qtguiapplication2\debug\qcustomplot.obj
d:\shixi\shili\qtguiapplication2\qtguiapplication2\debug\mainmenu.obj
d:\shixi\shili\qtguiapplication2\qtguiapplication2\debug\conditionmenu.obj
d:\shixi\shili\qtguiapplication2\qtguiapplication2\debug\qrc_resource.obj
d:\shixi\shili\qtguiapplication2\qtguiapplication2\debug\vc141.pdb
d:\shixi\shili\qtguiapplication2\qtguiapplication2\generatedfiles\debug\moc_qtguiapplication2.cpp
d:\shixi\shili\qtguiapplication2\qtguiapplication2\generatedfiles\qrc_resource.cpp
d:\shixi\shili\qtguiapplication2\qtguiapplication2\generatedfiles\ui_mainwindow.h
d:\shixi\shili\qtguiapplication2\qtguiapplication2\generatedfiles\ui_qtguiapplication2.h
d:\shixi\shili\qtguiapplication2\win32\debug\qtguiapplication2.pdb
d:\shixi\shili\qtguiapplication2\qtguiapplication2\debug\qtguiapp.b12702ad.tlog\cl.10620.write.1.tlog
d:\shixi\shili\qtguiapplication2\qtguiapplication2\debug\qtguiapp.b12702ad.tlog\cl.command.1.tlog
d:\shixi\shili\qtguiapplication2\qtguiapplication2\debug\qtguiapp.b12702ad.tlog\cl.read.1.tlog
d:\shixi\shili\qtguiapplication2\qtguiapplication2\debug\qtguiapp.b12702ad.tlog\link-cvtres.read.1.tlog
d:\shixi\shili\qtguiapplication2\qtguiapplication2\debug\qtguiapp.b12702ad.tlog\link-cvtres.write.1.tlog
d:\shixi\shili\qtguiapplication2\qtguiapplication2\debug\qtguiapp.b12702ad.tlog\link-rc.read.1.tlog
d:\shixi\shili\qtguiapplication2\qtguiapplication2\debug\qtguiapp.b12702ad.tlog\link-rc.write.1.tlog
d:\shixi\shili\qtguiapplication2\qtguiapplication2\debug\qtguiapp.b12702ad.tlog\link.command.1.tlog
d:\shixi\shili\qtguiapplication2\qtguiapplication2\debug\qtguiapp.b12702ad.tlog\link.read.1.tlog
d:\shixi\shili\qtguiapplication2\qtguiapplication2\debug\qtguiapp.b12702ad.tlog\link.write.1.tlog
d:\shixi\shili\qtguiapplication2\qtguiapplication2\debug\qtguiapp.b12702ad.tlog\qtguiapplication2.write.1u.tlog
